
Showing logs for build [32mcb-kubecd-environment-pr-205-33-f4bwn-1[0m stage [32mfrom-build-pack[0m and container [32mstep-credential-initializer-5mph7[0m
{"level":"info","ts":1587238704.2454996,"logger":"fallback-logger","caller":"logging/config.go:69","msg":"Fetch GitHub commit ID from kodata failed: open /var/run/ko/refs/heads/0.8.0-ns-support: no such file or directory"}
{"level":"info","ts":1587238704.246063,"logger":"fallback-logger","caller":"creds-init/main.go:40","msg":"Credentials initialized."}

Showing logs for build [32mcb-kubecd-environment-pr-205-33-f4bwn-1[0m stage [32mfrom-build-pack[0m and container [32mstep-working-dir-initializer-grdv5[0m
{"level":"info","ts":1587238705.247266,"logger":"fallback-logger","caller":"logging/config.go:69","msg":"Fetch GitHub commit ID from kodata failed: open /var/run/ko/HEAD: no such file or directory"}
{"level":"info","ts":1587238705.2487679,"logger":"fallback-logger","caller":"bash/main.go:64","msg":"Successfully executed command \"sh -c mkdir -p /workspace/source\"; output "}

Showing logs for build [32mcb-kubecd-environment-pr-205-33-f4bwn-1[0m stage [32mfrom-build-pack[0m and container [32mstep-place-tools[0m

Showing logs for build [32mcb-kubecd-environment-pr-205-33-f4bwn-1[0m stage [32mfrom-build-pack[0m and container [32mstep-git-source-cb-kubecd-environment-pr-205-33-f4bwn-hx286[0m
{"level":"info","ts":1587238710.4033573,"logger":"fallback-logger","caller":"logging/config.go:69","msg":"Fetch GitHub commit ID from kodata failed: open /var/run/ko/refs/heads/0.8.0-ns-support: no such file or directory"}
{"level":"info","ts":1587238711.433208,"logger":"fallback-logger","caller":"git/git.go:103","msg":"Successfully cloned https://github.com/cb-kubecd/environment-pr-205-33-boot-gke-staging.git @ master in path /workspace/source"}

Showing logs for build [32mcb-kubecd-environment-pr-205-33-f4bwn-1[0m stage [32mfrom-build-pack[0m and container [32mstep-git-merge[0m
Using SHAs from PULL_REFS=master:76896fd1447658ae24245105e70e455dbaeec398,6:80ee3a3c79dd81b6c8fb813b173109bdb3627672
DEBUG: LC_ALL=C JX_LOG_LEVEL=error git fetch origin --unshallow 80ee3a3c79dd81b6c8fb813b173109bdb3627672: 76896fd1447658ae24245105e70e455dbaeec398:
DEBUG: ran git fetch --unshallow origin 80ee3a3c79dd81b6c8fb813b173109bdb3627672: 76896fd1447658ae24245105e70e455dbaeec398: in 
DEBUG: LC_ALL=C JX_LOG_LEVEL=error git branch
DEBUG: JX_LOG_LEVEL=error LC_ALL=C git checkout master
DEBUG: ran git checkout master in 
DEBUG: JX_LOG_LEVEL=error LC_ALL=C git reset --hard 76896fd1447658ae24245105e70e455dbaeec398
DEBUG: ran git reset --hard 76896fd1447658ae24245105e70e455dbaeec398 in 
DEBUG: LC_ALL=C JX_LOG_LEVEL=error git clean -fd .
DEBUG: ran clean --force -d . in 
DEBUG: LC_ALL=C JX_LOG_LEVEL=error git merge 80ee3a3c79dd81b6c8fb813b173109bdb3627672
DEBUG: ran git merge 80ee3a3c79dd81b6c8fb813b173109bdb3627672 in 
DEBUG: LC_ALL=C JX_LOG_LEVEL=error git log --format=%H%x1f%an%x1f%ae%x1f%cn%x1f%ce%x1f%s%n%b%x1e 76896fd1447658ae24245105e70e455dbaeec398..HEAD
Merged SHA 80ee3a3c79dd81b6c8fb813b173109bdb3627672 with commit message 'chore: Promote bdd-sbhg-import-1587237715 to version 0.0.1' into base branch master

Showing logs for build [32mcb-kubecd-environment-pr-205-33-f4bwn-1[0m stage [32mfrom-build-pack[0m and container [32mstep-build-helm-build[0m
WARNING: No $CHART_REPOSITORY defined so using the default value of: http://jenkins-x-chartmuseum:8080
Adding missing Helm repo: storage.googleapis.com https://storage.googleapis.com/chartmuseum.jenkins-x.io
WARNING: No secrets found on "helm/repos" due: reading the secret "helm/repos" from vault: no secret "helm/repos" not found in vault
Read credentials for https://storage.googleapis.com/chartmuseum.jenkins-x.io from vault helm/repos
Successfully added Helm repository storage.googleapis.com.
Adding missing Helm repo: jenkins-x-chartmuseum http://jenkins-x-chartmuseum:8080
WARNING: No secrets found on "helm/repos" due: reading the secret "helm/repos" from vault: no secret "helm/repos" not found in vault
Read credentials for http://jenkins-x-chartmuseum:8080 from vault helm/repos
Successfully added Helm repository jenkins-x-chartmuseum.
WARNING: No $CHART_REPOSITORY defined so using the default value of: http://jenkins-x-chartmuseum:8080
Adding missing Helm repo: chartmuseum.jenkins-x.io http://chartmuseum.jenkins-x.io
WARNING: No secrets found on "helm/repos" due: reading the secret "helm/repos" from vault: no secret "helm/repos" not found in vault
Read credentials for http://chartmuseum.jenkins-x.io from vault helm/repos
Successfully added Helm repository chartmuseum.jenkins-x.io.
