
Showing logs for build [32mcb-kubecd-environment-pr-205-33-v28fz-1[0m stage [32mfrom-build-pack[0m and container [32mstep-credential-initializer-8626j[0m
{"level":"info","ts":1587237268.7493181,"logger":"fallback-logger","caller":"logging/config.go:69","msg":"Fetch GitHub commit ID from kodata failed: open /var/run/ko/refs/heads/0.8.0-ns-support: no such file or directory"}
{"level":"info","ts":1587237268.7500553,"logger":"fallback-logger","caller":"creds-init/main.go:40","msg":"Credentials initialized."}

Showing logs for build [32mcb-kubecd-environment-pr-205-33-v28fz-1[0m stage [32mfrom-build-pack[0m and container [32mstep-working-dir-initializer-vc248[0m
{"level":"info","ts":1587237269.8635726,"logger":"fallback-logger","caller":"logging/config.go:69","msg":"Fetch GitHub commit ID from kodata failed: open /var/run/ko/HEAD: no such file or directory"}
{"level":"info","ts":1587237269.8653612,"logger":"fallback-logger","caller":"bash/main.go:64","msg":"Successfully executed command \"sh -c mkdir -p /workspace/source\"; output "}

Showing logs for build [32mcb-kubecd-environment-pr-205-33-v28fz-1[0m stage [32mfrom-build-pack[0m and container [32mstep-place-tools[0m

Showing logs for build [32mcb-kubecd-environment-pr-205-33-v28fz-1[0m stage [32mfrom-build-pack[0m and container [32mstep-git-source-cb-kubecd-environment-pr-205-33-v28fz-wbkvx[0m
{"level":"info","ts":1587237274.910443,"logger":"fallback-logger","caller":"logging/config.go:69","msg":"Fetch GitHub commit ID from kodata failed: open /var/run/ko/refs/heads/0.8.0-ns-support: no such file or directory"}
{"level":"info","ts":1587237275.9599059,"logger":"fallback-logger","caller":"git/git.go:103","msg":"Successfully cloned https://github.com/cb-kubecd/environment-pr-205-33-boot-gke-staging.git @ master in path /workspace/source"}

Showing logs for build [32mcb-kubecd-environment-pr-205-33-v28fz-1[0m stage [32mfrom-build-pack[0m and container [32mstep-git-merge[0m
Using SHAs from PULL_REFS=master:395d16c3bc63fe241356ed9e83a3c86727b4f9fb,4:b2eff4bd35ed9ca2b8053dd10fb22758742a0999
DEBUG: JX_LOG_LEVEL=error LC_ALL=C git fetch origin --unshallow b2eff4bd35ed9ca2b8053dd10fb22758742a0999: 395d16c3bc63fe241356ed9e83a3c86727b4f9fb:
DEBUG: ran git fetch --unshallow origin b2eff4bd35ed9ca2b8053dd10fb22758742a0999: 395d16c3bc63fe241356ed9e83a3c86727b4f9fb: in 
DEBUG: JX_LOG_LEVEL=error LC_ALL=C git branch
DEBUG: LC_ALL=C JX_LOG_LEVEL=error git checkout master
DEBUG: ran git checkout master in 
DEBUG: LC_ALL=C JX_LOG_LEVEL=error git reset --hard 395d16c3bc63fe241356ed9e83a3c86727b4f9fb
DEBUG: ran git reset --hard 395d16c3bc63fe241356ed9e83a3c86727b4f9fb in 
DEBUG: LC_ALL=C JX_LOG_LEVEL=error git clean -fd .
DEBUG: ran clean --force -d . in 
DEBUG: LC_ALL=C JX_LOG_LEVEL=error git merge b2eff4bd35ed9ca2b8053dd10fb22758742a0999
DEBUG: ran git merge b2eff4bd35ed9ca2b8053dd10fb22758742a0999 in 
DEBUG: LC_ALL=C JX_LOG_LEVEL=error git log --format=%H%x1f%an%x1f%ae%x1f%cn%x1f%ce%x1f%s%n%b%x1e 395d16c3bc63fe241356ed9e83a3c86727b4f9fb..HEAD
Merged SHA b2eff4bd35ed9ca2b8053dd10fb22758742a0999 with commit message 'chore: Promote bdd-nh-1587235603 to version 0.0.1' into base branch master

Showing logs for build [32mcb-kubecd-environment-pr-205-33-v28fz-1[0m stage [32mfrom-build-pack[0m and container [32mstep-build-helm-build[0m
WARNING: No $CHART_REPOSITORY defined so using the default value of: http://jenkins-x-chartmuseum:8080
Adding missing Helm repo: storage.googleapis.com https://storage.googleapis.com/chartmuseum.jenkins-x.io
WARNING: No secrets found on "helm/repos" due: reading the secret "helm/repos" from vault: no secret "helm/repos" not found in vault
Read credentials for https://storage.googleapis.com/chartmuseum.jenkins-x.io from vault helm/repos
Successfully added Helm repository storage.googleapis.com.
Adding missing Helm repo: jenkins-x-chartmuseum http://jenkins-x-chartmuseum:8080
WARNING: No secrets found on "helm/repos" due: reading the secret "helm/repos" from vault: no secret "helm/repos" not found in vault
Read credentials for http://jenkins-x-chartmuseum:8080 from vault helm/repos
Successfully added Helm repository jenkins-x-chartmuseum.
WARNING: No $CHART_REPOSITORY defined so using the default value of: http://jenkins-x-chartmuseum:8080
Adding missing Helm repo: chartmuseum.jenkins-x.io http://chartmuseum.jenkins-x.io
WARNING: No secrets found on "helm/repos" due: reading the secret "helm/repos" from vault: no secret "helm/repos" not found in vault
Read credentials for http://chartmuseum.jenkins-x.io from vault helm/repos
Successfully added Helm repository chartmuseum.jenkins-x.io.
