
Showing logs for build [32mcb-kubecd-environment-pr-205-33-ndtts-1[0m stage [32mfrom-build-pack[0m and container [32mstep-credential-initializer-t9sg2[0m
{"level":"info","ts":1587235910.678176,"logger":"fallback-logger","caller":"logging/config.go:69","msg":"Fetch GitHub commit ID from kodata failed: open /var/run/ko/refs/heads/0.8.0-ns-support: no such file or directory"}
{"level":"info","ts":1587235910.6787689,"logger":"fallback-logger","caller":"creds-init/main.go:40","msg":"Credentials initialized."}

Showing logs for build [32mcb-kubecd-environment-pr-205-33-ndtts-1[0m stage [32mfrom-build-pack[0m and container [32mstep-working-dir-initializer-7979j[0m
{"level":"info","ts":1587235911.696025,"logger":"fallback-logger","caller":"logging/config.go:69","msg":"Fetch GitHub commit ID from kodata failed: open /var/run/ko/HEAD: no such file or directory"}
{"level":"info","ts":1587235911.7021697,"logger":"fallback-logger","caller":"bash/main.go:64","msg":"Successfully executed command \"sh -c mkdir -p /workspace/source\"; output "}

Showing logs for build [32mcb-kubecd-environment-pr-205-33-ndtts-1[0m stage [32mfrom-build-pack[0m and container [32mstep-place-tools[0m

Showing logs for build [32mcb-kubecd-environment-pr-205-33-ndtts-1[0m stage [32mfrom-build-pack[0m and container [32mstep-git-source-cb-kubecd-environment-pr-205-33-ndtts-xg92k[0m
{"level":"info","ts":1587235927.908511,"logger":"fallback-logger","caller":"logging/config.go:69","msg":"Fetch GitHub commit ID from kodata failed: open /var/run/ko/refs/heads/0.8.0-ns-support: no such file or directory"}
{"level":"info","ts":1587235929.0179975,"logger":"fallback-logger","caller":"git/git.go:103","msg":"Successfully cloned https://github.com/cb-kubecd/environment-pr-205-33-boot-gke-staging.git @ master in path /workspace/source"}

Showing logs for build [32mcb-kubecd-environment-pr-205-33-ndtts-1[0m stage [32mfrom-build-pack[0m and container [32mstep-git-merge[0m
Using SHAs from PULL_REFS=master:ed13d1b65ceafe7b70c7b7d338b7f2c8d1eb2594,2:90c028240248c619d402c8aa84a7728f82336f36
DEBUG: LC_ALL=C JX_LOG_LEVEL=error git fetch origin --unshallow 90c028240248c619d402c8aa84a7728f82336f36: ed13d1b65ceafe7b70c7b7d338b7f2c8d1eb2594:
DEBUG: ran git fetch --unshallow origin 90c028240248c619d402c8aa84a7728f82336f36: ed13d1b65ceafe7b70c7b7d338b7f2c8d1eb2594: in 
DEBUG: LC_ALL=C JX_LOG_LEVEL=error git branch
DEBUG: LC_ALL=C JX_LOG_LEVEL=error git checkout master
DEBUG: ran git checkout master in 
DEBUG: LC_ALL=C JX_LOG_LEVEL=error git reset --hard ed13d1b65ceafe7b70c7b7d338b7f2c8d1eb2594
DEBUG: ran git reset --hard ed13d1b65ceafe7b70c7b7d338b7f2c8d1eb2594 in 
DEBUG: LC_ALL=C JX_LOG_LEVEL=error git clean -fd .
DEBUG: ran clean --force -d . in 
DEBUG: LC_ALL=C JX_LOG_LEVEL=error git merge 90c028240248c619d402c8aa84a7728f82336f36
DEBUG: ran git merge 90c028240248c619d402c8aa84a7728f82336f36 in 
DEBUG: LC_ALL=C JX_LOG_LEVEL=error git log --format=%H%x1f%an%x1f%ae%x1f%cn%x1f%ce%x1f%s%n%b%x1e ed13d1b65ceafe7b70c7b7d338b7f2c8d1eb2594..HEAD
Merged SHA 90c028240248c619d402c8aa84a7728f82336f36 with commit message 'chore: Promote bdd-sbhg-1587235603 to version 0.0.1' into base branch master

Showing logs for build [32mcb-kubecd-environment-pr-205-33-ndtts-1[0m stage [32mfrom-build-pack[0m and container [32mstep-build-helm-build[0m
WARNING: No $CHART_REPOSITORY defined so using the default value of: http://jenkins-x-chartmuseum:8080
Adding missing Helm repo: storage.googleapis.com https://storage.googleapis.com/chartmuseum.jenkins-x.io
WARNING: No secrets found on "helm/repos" due: reading the secret "helm/repos" from vault: no secret "helm/repos" not found in vault
Read credentials for https://storage.googleapis.com/chartmuseum.jenkins-x.io from vault helm/repos
Successfully added Helm repository storage.googleapis.com.
Adding missing Helm repo: jenkins-x-chartmuseum http://jenkins-x-chartmuseum:8080
WARNING: No secrets found on "helm/repos" due: reading the secret "helm/repos" from vault: no secret "helm/repos" not found in vault
Read credentials for http://jenkins-x-chartmuseum:8080 from vault helm/repos
Successfully added Helm repository jenkins-x-chartmuseum.
WARNING: No $CHART_REPOSITORY defined so using the default value of: http://jenkins-x-chartmuseum:8080
Adding missing Helm repo: chartmuseum.jenkins-x.io http://chartmuseum.jenkins-x.io
WARNING: No secrets found on "helm/repos" due: reading the secret "helm/repos" from vault: no secret "helm/repos" not found in vault
Read credentials for http://chartmuseum.jenkins-x.io from vault helm/repos
Successfully added Helm repository chartmuseum.jenkins-x.io.
